<?xml version="1.0" encoding="UTF-8"?>
<coverage generated="1592099612">
  <project timestamp="1592099612">
    <package name="SebastianKennedy\LaravelFollow">
      <file name="/Users/sebastian/Code/Composer/laravel-follow/src/Events/FollowedEvent.php">
        <class name="SebastianKennedy\LaravelFollow\FollowedEvent" namespace="SebastianKennedy\LaravelFollow">
          <metrics complexity="0" methods="0" coveredmethods="0" conditionals="0" coveredconditionals="0" statements="0" coveredstatements="0" elements="0" coveredelements="0"/>
        </class>
        <metrics loc="15" ncloc="8" classes="0" methods="0" coveredmethods="0" conditionals="0" coveredconditionals="0" statements="0" coveredstatements="0" elements="0" coveredelements="0"/>
      </file>
      <file name="/Users/sebastian/Code/Composer/laravel-follow/src/Follow.php">
        <class name="SebastianKennedy\LaravelFollow\Follow" namespace="SebastianKennedy\LaravelFollow">
          <metrics complexity="0" methods="0" coveredmethods="0" conditionals="0" coveredconditionals="0" statements="0" coveredstatements="0" elements="0" coveredelements="0"/>
        </class>
        <metrics loc="19" ncloc="12" classes="0" methods="0" coveredmethods="0" conditionals="0" coveredconditionals="0" statements="0" coveredstatements="0" elements="0" coveredelements="0"/>
      </file>
      <file name="/Users/sebastian/Code/Composer/laravel-follow/src/FollowServiceProvider.php">
        <class name="SebastianKennedy\LaravelFollow\FollowServiceProvider" namespace="SebastianKennedy\LaravelFollow">
          <metrics complexity="3" methods="2" coveredmethods="0" conditionals="0" coveredconditionals="0" statements="10" coveredstatements="0" elements="12" coveredelements="0"/>
        </class>
        <line num="17" type="method" name="boot" visibility="public" complexity="2" crap="6" count="0"/>
        <line num="18" type="stmt" count="0"/>
        <line num="19" type="stmt" count="0"/>
        <line num="20" type="stmt" count="0"/>
        <line num="22" type="stmt" count="0"/>
        <line num="23" type="stmt" count="0"/>
        <line num="24" type="stmt" count="0"/>
        <line num="25" type="stmt" count="0"/>
        <line num="27" type="method" name="register" visibility="public" complexity="1" crap="2" count="0"/>
        <line num="28" type="stmt" count="0"/>
        <line num="29" type="stmt" count="0"/>
        <line num="30" type="stmt" count="0"/>
        <metrics loc="31" ncloc="24" classes="1" methods="2" coveredmethods="0" conditionals="0" coveredconditionals="0" statements="10" coveredstatements="0" elements="12" coveredelements="0"/>
      </file>
    </package>
    <package name="SebastianKennedy\LaravelFollow">
      <file name="/Users/sebastian/Code/Composer/laravel-follow/src/Events/UnFollowedEvent.php">
        <class name="SebastianKennedy\LaravelFollow\UnFollowedEvent" namespace="SebastianKennedy\LaravelFollow">
          <metrics complexity="0" methods="0" coveredmethods="0" conditionals="0" coveredconditionals="0" statements="0" coveredstatements="0" elements="0" coveredelements="0"/>
        </class>
        <metrics loc="15" ncloc="8" classes="0" methods="0" coveredmethods="0" conditionals="0" coveredconditionals="0" statements="0" coveredstatements="0" elements="0" coveredelements="0"/>
      </file>
    </package>
    <metrics files="4" loc="80" ncloc="52" classes="1" methods="2" coveredmethods="0" conditionals="0" coveredconditionals="0" statements="10" coveredstatements="0" elements="12" coveredelements="0"/>
  </project>
</coverage>
